NAME                                 READY   STATUS              RESTARTS   AGE
server-deployment-6f9898545f-4dvpc   1/1     Running             0          28m
server-deployment-6f9898545f-796tp   1/1     Running             0          28m
server-deployment-6f9898545f-7qg4m   1/1     Running             0          9m57s
server-deployment-6f9898545f-f42xx   0/1     ContainerCreating   0          0s
server-deployment-6f9898545f-j7v2w   0/1     ContainerCreating   0          0s
server-deployment-6f9898545f-mrzmg   1/1     Running             0          9m57s
server-deployment-6f9898545f-rw2mm   1/1     Running             0          37m
server-deployment-6f9898545f-v7n2z   1/1     Running             0          19m
server-deployment-6f9898545f-vwmmd   1/1     Running             0          37m
server-deployment-6f9898545f-xm2km   1/1     Running             0          19m
Name:                   server-deployment
Namespace:              default
CreationTimestamp:      Sun, 15 Jun 2025 16:04:50 -0300
Labels:                 app=server
Annotations:            deployment.kubernetes.io/revision: 1
Selector:               app=server
Replicas:               10 desired | 10 updated | 10 total | 8 available | 2 unavailable
StrategyType:           RollingUpdate
MinReadySeconds:        0
RollingUpdateStrategy:  25% max unavailable, 25% max surge
Pod Template:
  Labels:  app=server
  Containers:
   server:
    Image:      kapelinsky/tcp-server:latest
    Port:       8080/TCP
    Host Port:  0/TCP
    Environment:
      PORT:        8080
    Mounts:        <none>
  Volumes:         <none>
  Node-Selectors:  <none>
  Tolerations:     <none>
Conditions:
  Type           Status  Reason
  ----           ------  ------
  Progressing    True    NewReplicaSetAvailable
  Available      True    MinimumReplicasAvailable
OldReplicaSets:  <none>
NewReplicaSet:   server-deployment-6f9898545f (10/10 replicas created)
Events:
  Type    Reason             Age    From                   Message
  ----    ------             ----   ----                   -------
  Normal  ScalingReplicaSet  37m    deployment-controller  Scaled up replica set server-deployment-6f9898545f from 0 to 2
  Normal  ScalingReplicaSet  28m    deployment-controller  Scaled up replica set server-deployment-6f9898545f from 2 to 4
  Normal  ScalingReplicaSet  19m    deployment-controller  Scaled up replica set server-deployment-6f9898545f from 4 to 6
  Normal  ScalingReplicaSet  9m57s  deployment-controller  Scaled up replica set server-deployment-6f9898545f from 6 to 8
  Normal  ScalingReplicaSet  0s     deployment-controller  Scaled up replica set server-deployment-6f9898545f from 8 to 10
