NAME                                 READY   STATUS              RESTARTS   AGE
server-deployment-85ffcbb4fd-7hfqm   1/1     Running             0          24m
server-deployment-85ffcbb4fd-8cl9n   1/1     Running             0          24m
server-deployment-85ffcbb4fd-ckdzb   1/1     Running             0          8m11s
server-deployment-85ffcbb4fd-jnc97   1/1     Running             0          16m
server-deployment-85ffcbb4fd-l6cvx   0/1     ContainerCreating   0          0s
server-deployment-85ffcbb4fd-r7b9q   1/1     Running             0          8m11s
server-deployment-85ffcbb4fd-vtmdz   1/1     Running             0          16m
server-deployment-85ffcbb4fd-xprgr   0/1     ContainerCreating   0          0s
Name:                   server-deployment
Namespace:              default
CreationTimestamp:      Sun, 15 Jun 2025 16:55:46 -0300
Labels:                 app=server
Annotations:            deployment.kubernetes.io/revision: 1
Selector:               app=server
Replicas:               8 desired | 8 updated | 8 total | 6 available | 2 unavailable
StrategyType:           RollingUpdate
MinReadySeconds:        0
RollingUpdateStrategy:  25% max unavailable, 25% max surge
Pod Template:
  Labels:  app=server
  Containers:
   server:
    Image:      kapelinsky/tcp-server-go:latest
    Port:       8080/TCP
    Host Port:  0/TCP
    Environment:
      PORT:        8080
    Mounts:        <none>
  Volumes:         <none>
  Node-Selectors:  <none>
  Tolerations:     <none>
Conditions:
  Type           Status  Reason
  ----           ------  ------
  Progressing    True    NewReplicaSetAvailable
  Available      True    MinimumReplicasAvailable
OldReplicaSets:  <none>
NewReplicaSet:   server-deployment-85ffcbb4fd (8/8 replicas created)
Events:
  Type    Reason             Age    From                   Message
  ----    ------             ----   ----                   -------
  Normal  ScalingReplicaSet  24m    deployment-controller  Scaled up replica set server-deployment-85ffcbb4fd from 0 to 2
  Normal  ScalingReplicaSet  16m    deployment-controller  Scaled up replica set server-deployment-85ffcbb4fd from 2 to 4
  Normal  ScalingReplicaSet  8m11s  deployment-controller  Scaled up replica set server-deployment-85ffcbb4fd from 4 to 6
  Normal  ScalingReplicaSet  0s     deployment-controller  Scaled up replica set server-deployment-85ffcbb4fd from 6 to 8
