--- STATUS EM Sat Jun 28 06:39:29 AM -03 2025 ---
NAME                                 READY   STATUS              RESTARTS   AGE   IP              NODE       NOMINATED NODE   READINESS GATES
server-deployment-77f8657bdc-4rg9r   1/1     Running             0          19m   10.244.11.202   minikube   <none>           <none>
server-deployment-77f8657bdc-777vr   1/1     Running             0          10m   10.244.12.9     minikube   <none>           <none>
server-deployment-77f8657bdc-88lnv   0/1     ContainerCreating   0          1s    <none>          minikube   <none>           <none>
server-deployment-77f8657bdc-bfwf4   1/1     Running             0          19m   10.244.11.203   minikube   <none>           <none>
server-deployment-77f8657bdc-dn2l6   1/1     Running             0          10m   10.244.12.8     minikube   <none>           <none>
server-deployment-77f8657bdc-h6zms   1/1     Running             0          29m   10.244.11.141   minikube   <none>           <none>
server-deployment-77f8657bdc-mqmtp   0/1     ContainerCreating   0          1s    <none>          minikube   <none>           <none>
server-deployment-77f8657bdc-n2x6x   1/1     Running             0          38m   10.244.11.80    minikube   <none>           <none>
server-deployment-77f8657bdc-p8rjf   1/1     Running             0          38m   10.244.11.78    minikube   <none>           <none>
server-deployment-77f8657bdc-tfh6g   1/1     Running             0          29m   10.244.11.140   minikube   <none>           <none>

Name:                   server-deployment
Namespace:              default
CreationTimestamp:      Sat, 28 Jun 2025 06:01:01 -0300
Labels:                 app=server
Annotations:            deployment.kubernetes.io/revision: 2
Selector:               app=server
Replicas:               10 desired | 10 updated | 10 total | 8 available | 2 unavailable
StrategyType:           RollingUpdate
MinReadySeconds:        0
RollingUpdateStrategy:  25% max unavailable, 25% max surge
Pod Template:
  Labels:  app=server
  Containers:
   server:
    Image:      kapelinsky/tcp-server-cpp:latest
    Port:       8080/TCP
    Host Port:  0/TCP
    Environment:
      PORT:        8080
    Mounts:        <none>
  Volumes:         <none>
  Node-Selectors:  <none>
  Tolerations:     <none>
Conditions:
  Type           Status  Reason
  ----           ------  ------
  Progressing    True    NewReplicaSetAvailable
  Available      True    MinimumReplicasAvailable
OldReplicaSets:  server-deployment-6f9898545f (0/0 replicas created)
NewReplicaSet:   server-deployment-77f8657bdc (10/10 replicas created)
Events:
  Type    Reason             Age   From                   Message
  ----    ------             ----  ----                   -------
  Normal  ScalingReplicaSet  38m   deployment-controller  Scaled up replica set server-deployment-6f9898545f from 0 to 2
  Normal  ScalingReplicaSet  38m   deployment-controller  Scaled up replica set server-deployment-77f8657bdc from 0 to 1
  Normal  ScalingReplicaSet  38m   deployment-controller  Scaled down replica set server-deployment-6f9898545f from 2 to 1
  Normal  ScalingReplicaSet  38m   deployment-controller  Scaled up replica set server-deployment-77f8657bdc from 1 to 2
  Normal  ScalingReplicaSet  38m   deployment-controller  Scaled down replica set server-deployment-6f9898545f from 1 to 0
  Normal  ScalingReplicaSet  29m   deployment-controller  Scaled up replica set server-deployment-77f8657bdc from 2 to 4
  Normal  ScalingReplicaSet  19m   deployment-controller  Scaled up replica set server-deployment-77f8657bdc from 4 to 6
  Normal  ScalingReplicaSet  10m   deployment-controller  Scaled up replica set server-deployment-77f8657bdc from 6 to 8
  Normal  ScalingReplicaSet  1s    deployment-controller  Scaled up replica set server-deployment-77f8657bdc from 8 to 10
