--- STATUS EM Sat Jun 28 07:58:12 AM -03 2025 ---
NAME                                 READY   STATUS              RESTARTS   AGE   IP              NODE       NOMINATED NODE   READINESS GATES
server-deployment-77f8657bdc-2p7tz   0/1     ContainerCreating   0          0s    <none>          minikube   <none>           <none>
server-deployment-77f8657bdc-9cxlb   1/1     Running             0          19m   10.244.13.252   minikube   <none>           <none>
server-deployment-77f8657bdc-cpmfl   1/1     Running             0          19m   10.244.13.253   minikube   <none>           <none>
server-deployment-77f8657bdc-j9jh6   1/1     Running             0          10m   10.244.14.59    minikube   <none>           <none>
server-deployment-77f8657bdc-k4svk   1/1     Running             0          28m   10.244.13.190   minikube   <none>           <none>
server-deployment-77f8657bdc-lmxqd   1/1     Running             0          28m   10.244.13.192   minikube   <none>           <none>
server-deployment-77f8657bdc-p8qvr   0/1     ContainerCreating   0          0s    <none>          minikube   <none>           <none>
server-deployment-77f8657bdc-vcnkv   1/1     Running             0          10m   10.244.14.58    minikube   <none>           <none>

Name:                   server-deployment
Namespace:              default
CreationTimestamp:      Sat, 28 Jun 2025 07:29:16 -0300
Labels:                 app=server
Annotations:            deployment.kubernetes.io/revision: 2
Selector:               app=server
Replicas:               8 desired | 8 updated | 8 total | 6 available | 2 unavailable
StrategyType:           RollingUpdate
MinReadySeconds:        0
RollingUpdateStrategy:  25% max unavailable, 25% max surge
Pod Template:
  Labels:  app=server
  Containers:
   server:
    Image:      kapelinsky/tcp-server-cpp:latest
    Port:       8080/TCP
    Host Port:  0/TCP
    Environment:
      PORT:        8080
    Mounts:        <none>
  Volumes:         <none>
  Node-Selectors:  <none>
  Tolerations:     <none>
Conditions:
  Type           Status  Reason
  ----           ------  ------
  Progressing    True    NewReplicaSetAvailable
  Available      True    MinimumReplicasAvailable
OldReplicaSets:  server-deployment-6f9898545f (0/0 replicas created)
NewReplicaSet:   server-deployment-77f8657bdc (8/8 replicas created)
Events:
  Type    Reason             Age   From                   Message
  ----    ------             ----  ----                   -------
  Normal  ScalingReplicaSet  28m   deployment-controller  Scaled up replica set server-deployment-6f9898545f from 0 to 2
  Normal  ScalingReplicaSet  28m   deployment-controller  Scaled up replica set server-deployment-77f8657bdc from 0 to 1
  Normal  ScalingReplicaSet  28m   deployment-controller  Scaled down replica set server-deployment-6f9898545f from 2 to 1
  Normal  ScalingReplicaSet  28m   deployment-controller  Scaled up replica set server-deployment-77f8657bdc from 1 to 2
  Normal  ScalingReplicaSet  28m   deployment-controller  Scaled down replica set server-deployment-6f9898545f from 1 to 0
  Normal  ScalingReplicaSet  19m   deployment-controller  Scaled up replica set server-deployment-77f8657bdc from 2 to 4
  Normal  ScalingReplicaSet  10m   deployment-controller  Scaled up replica set server-deployment-77f8657bdc from 4 to 6
  Normal  ScalingReplicaSet  0s    deployment-controller  Scaled up replica set server-deployment-77f8657bdc from 6 to 8
