NAME                                 READY   STATUS              RESTARTS   AGE
server-deployment-6f9898545f-4dvpc   1/1     Running             0          9m9s
server-deployment-6f9898545f-796tp   1/1     Running             0          9m9s
server-deployment-6f9898545f-rw2mm   1/1     Running             0          18m
server-deployment-6f9898545f-v7n2z   0/1     ContainerCreating   0          3s
server-deployment-6f9898545f-vwmmd   1/1     Running             0          18m
server-deployment-6f9898545f-xm2km   1/1     Running             0          3s
Name:                   server-deployment
Namespace:              default
CreationTimestamp:      Sun, 15 Jun 2025 16:04:50 -0300
Labels:                 app=server
Annotations:            deployment.kubernetes.io/revision: 1
Selector:               app=server
Replicas:               6 desired | 6 updated | 6 total | 5 available | 1 unavailable
StrategyType:           RollingUpdate
MinReadySeconds:        0
RollingUpdateStrategy:  25% max unavailable, 25% max surge
Pod Template:
  Labels:  app=server
  Containers:
   server:
    Image:      kapelinsky/tcp-server:latest
    Port:       8080/TCP
    Host Port:  0/TCP
    Environment:
      PORT:        8080
    Mounts:        <none>
  Volumes:         <none>
  Node-Selectors:  <none>
  Tolerations:     <none>
Conditions:
  Type           Status  Reason
  ----           ------  ------
  Progressing    True    NewReplicaSetAvailable
  Available      True    MinimumReplicasAvailable
OldReplicaSets:  <none>
NewReplicaSet:   server-deployment-6f9898545f (6/6 replicas created)
Events:
  Type    Reason             Age   From                   Message
  ----    ------             ----  ----                   -------
  Normal  ScalingReplicaSet  18m   deployment-controller  Scaled up replica set server-deployment-6f9898545f from 0 to 2
  Normal  ScalingReplicaSet  9m9s  deployment-controller  Scaled up replica set server-deployment-6f9898545f from 2 to 4
  Normal  ScalingReplicaSet  3s    deployment-controller  Scaled up replica set server-deployment-6f9898545f from 4 to 6
