--- STATUS EM Sat Jun 28 10:22:28 AM -03 2025 ---
NAME                                 READY   STATUS              RESTARTS   AGE    IP              NODE       NOMINATED NODE   READINESS GATES
server-deployment-85ffcbb4fd-4k84v   1/1     Running             0          31m    10.244.17.104   minikube   <none>           <none>
server-deployment-85ffcbb4fd-6v8ck   1/1     Running             0          8m4s   10.244.18.33    minikube   <none>           <none>
server-deployment-85ffcbb4fd-7wwmj   0/1     ContainerCreating   0          1s     <none>          minikube   <none>           <none>
server-deployment-85ffcbb4fd-cqnnp   1/1     Running             0          16m    10.244.17.226   minikube   <none>           <none>
server-deployment-85ffcbb4fd-g4fsr   0/1     ContainerCreating   0          1s     <none>          minikube   <none>           <none>
server-deployment-85ffcbb4fd-krp72   1/1     Running             0          23m    10.244.17.164   minikube   <none>           <none>
server-deployment-85ffcbb4fd-lf96p   1/1     Running             0          31m    10.244.17.102   minikube   <none>           <none>
server-deployment-85ffcbb4fd-ltbfg   1/1     Running             0          16m    10.244.17.227   minikube   <none>           <none>
server-deployment-85ffcbb4fd-z4mm9   1/1     Running             0          8m4s   10.244.18.32    minikube   <none>           <none>
server-deployment-85ffcbb4fd-zkw55   1/1     Running             0          23m    10.244.17.165   minikube   <none>           <none>

Name:                   server-deployment
Namespace:              default
CreationTimestamp:      Sat, 28 Jun 2025 09:50:43 -0300
Labels:                 app=server
Annotations:            deployment.kubernetes.io/revision: 2
Selector:               app=server
Replicas:               10 desired | 10 updated | 10 total | 8 available | 2 unavailable
StrategyType:           RollingUpdate
MinReadySeconds:        0
RollingUpdateStrategy:  25% max unavailable, 25% max surge
Pod Template:
  Labels:  app=server
  Containers:
   server:
    Image:      kapelinsky/tcp-server-go:latest
    Port:       8080/TCP
    Host Port:  0/TCP
    Environment:
      PORT:        8080
    Mounts:        <none>
  Volumes:         <none>
  Node-Selectors:  <none>
  Tolerations:     <none>
Conditions:
  Type           Status  Reason
  ----           ------  ------
  Progressing    True    NewReplicaSetAvailable
  Available      True    MinimumReplicasAvailable
OldReplicaSets:  server-deployment-6f9898545f (0/0 replicas created)
NewReplicaSet:   server-deployment-85ffcbb4fd (10/10 replicas created)
Events:
  Type    Reason             Age   From                   Message
  ----    ------             ----  ----                   -------
  Normal  ScalingReplicaSet  31m   deployment-controller  Scaled up replica set server-deployment-6f9898545f from 0 to 2
  Normal  ScalingReplicaSet  31m   deployment-controller  Scaled up replica set server-deployment-85ffcbb4fd from 0 to 1
  Normal  ScalingReplicaSet  31m   deployment-controller  Scaled down replica set server-deployment-6f9898545f from 2 to 1
  Normal  ScalingReplicaSet  31m   deployment-controller  Scaled up replica set server-deployment-85ffcbb4fd from 1 to 2
  Normal  ScalingReplicaSet  31m   deployment-controller  Scaled down replica set server-deployment-6f9898545f from 1 to 0
  Normal  ScalingReplicaSet  23m   deployment-controller  Scaled up replica set server-deployment-85ffcbb4fd from 2 to 4
  Normal  ScalingReplicaSet  16m   deployment-controller  Scaled up replica set server-deployment-85ffcbb4fd from 4 to 6
  Normal  ScalingReplicaSet  8m4s  deployment-controller  Scaled up replica set server-deployment-85ffcbb4fd from 6 to 8
  Normal  ScalingReplicaSet  1s    deployment-controller  Scaled up replica set server-deployment-85ffcbb4fd from 8 to 10
