--- STATUS EM Sat Jun 28 12:30:22 PM -03 2025 ---
NAME                                 READY   STATUS              RESTARTS   AGE     IP              NODE       NOMINATED NODE   READINESS GATES
server-deployment-77f8657bdc-2fv28   1/1     Running             0          19m     10.244.21.77    minikube   <none>           <none>
server-deployment-77f8657bdc-6lh8h   1/1     Running             0          19m     10.244.21.76    minikube   <none>           <none>
server-deployment-77f8657bdc-g9bzr   0/1     ContainerCreating   0          0s      <none>          minikube   <none>           <none>
server-deployment-77f8657bdc-grbd8   1/1     Running             0          9m54s   10.244.21.138   minikube   <none>           <none>
server-deployment-77f8657bdc-lml5g   0/1     ContainerCreating   0          0s      <none>          minikube   <none>           <none>
server-deployment-77f8657bdc-m95xw   1/1     Running             0          28m     10.244.21.14    minikube   <none>           <none>
server-deployment-77f8657bdc-rb8sk   1/1     Running             0          9m54s   10.244.21.139   minikube   <none>           <none>
server-deployment-77f8657bdc-sz7bg   1/1     Running             0          28m     10.244.21.16    minikube   <none>           <none>

Name:                   server-deployment
Namespace:              default
CreationTimestamp:      Sat, 28 Jun 2025 12:01:38 -0300
Labels:                 app=server
Annotations:            deployment.kubernetes.io/revision: 2
Selector:               app=server
Replicas:               8 desired | 8 updated | 8 total | 6 available | 2 unavailable
StrategyType:           RollingUpdate
MinReadySeconds:        0
RollingUpdateStrategy:  25% max unavailable, 25% max surge
Pod Template:
  Labels:  app=server
  Containers:
   server:
    Image:      kapelinsky/tcp-server-cpp:latest
    Port:       8080/TCP
    Host Port:  0/TCP
    Environment:
      PORT:        8080
    Mounts:        <none>
  Volumes:         <none>
  Node-Selectors:  <none>
  Tolerations:     <none>
Conditions:
  Type           Status  Reason
  ----           ------  ------
  Progressing    True    NewReplicaSetAvailable
  Available      True    MinimumReplicasAvailable
OldReplicaSets:  server-deployment-6f9898545f (0/0 replicas created)
NewReplicaSet:   server-deployment-77f8657bdc (8/8 replicas created)
Events:
  Type    Reason             Age    From                   Message
  ----    ------             ----   ----                   -------
  Normal  ScalingReplicaSet  28m    deployment-controller  Scaled up replica set server-deployment-6f9898545f from 0 to 2
  Normal  ScalingReplicaSet  28m    deployment-controller  Scaled up replica set server-deployment-77f8657bdc from 0 to 1
  Normal  ScalingReplicaSet  28m    deployment-controller  Scaled down replica set server-deployment-6f9898545f from 2 to 1
  Normal  ScalingReplicaSet  28m    deployment-controller  Scaled up replica set server-deployment-77f8657bdc from 1 to 2
  Normal  ScalingReplicaSet  28m    deployment-controller  Scaled down replica set server-deployment-6f9898545f from 1 to 0
  Normal  ScalingReplicaSet  19m    deployment-controller  Scaled up replica set server-deployment-77f8657bdc from 2 to 4
  Normal  ScalingReplicaSet  9m54s  deployment-controller  Scaled up replica set server-deployment-77f8657bdc from 4 to 6
  Normal  ScalingReplicaSet  0s     deployment-controller  Scaled up replica set server-deployment-77f8657bdc from 6 to 8
