--- STATUS EM Fri Jun 27 11:13:35 PM -03 2025 ---
NAME                                 READY   STATUS              RESTARTS   AGE   IP            NODE       NOMINATED NODE   READINESS GATES
server-deployment-6f9898545f-h4wgw   1/1     Running             0          5s    10.244.0.85   minikube   <none>           <none>
server-deployment-6f9898545f-k7phw   1/1     Running             0          5s    10.244.0.84   minikube   <none>           <none>
server-deployment-85ffcbb4fd-gpwqw   0/1     ContainerCreating   0          5s    <none>        minikube   <none>           <none>

Name:                   server-deployment
Namespace:              default
CreationTimestamp:      Fri, 27 Jun 2025 23:13:30 -0300
Labels:                 app=server
Annotations:            deployment.kubernetes.io/revision: 2
Selector:               app=server
Replicas:               2 desired | 1 updated | 3 total | 2 available | 1 unavailable
StrategyType:           RollingUpdate
MinReadySeconds:        0
RollingUpdateStrategy:  25% max unavailable, 25% max surge
Pod Template:
  Labels:  app=server
  Containers:
   server:
    Image:      kapelinsky/tcp-server-go:latest
    Port:       8080/TCP
    Host Port:  0/TCP
    Environment:
      PORT:        8080
    Mounts:        <none>
  Volumes:         <none>
  Node-Selectors:  <none>
  Tolerations:     <none>
Conditions:
  Type           Status  Reason
  ----           ------  ------
  Available      True    MinimumReplicasAvailable
  Progressing    True    ReplicaSetUpdated
OldReplicaSets:  server-deployment-6f9898545f (2/2 replicas created)
NewReplicaSet:   server-deployment-85ffcbb4fd (1/1 replicas created)
Events:
  Type    Reason             Age   From                   Message
  ----    ------             ----  ----                   -------
  Normal  ScalingReplicaSet  5s    deployment-controller  Scaled up replica set server-deployment-6f9898545f from 0 to 2
  Normal  ScalingReplicaSet  5s    deployment-controller  Scaled up replica set server-deployment-85ffcbb4fd from 0 to 1
