--- STATUS EM Sat Jun 28 01:11:31 PM -03 2025 ---
NAME                                 READY   STATUS              RESTARTS   AGE     IP              NODE       NOMINATED NODE   READINESS GATES
server-deployment-85ffcbb4fd-4zw7z   1/1     Running             0          25m     10.244.22.70    minikube   <none>           <none>
server-deployment-85ffcbb4fd-d8jb2   1/1     Running             0          6m42s   10.244.23.0     minikube   <none>           <none>
server-deployment-85ffcbb4fd-f4c5b   0/1     ContainerCreating   0          1s      <none>          minikube   <none>           <none>
server-deployment-85ffcbb4fd-frpm8   1/1     Running             0          6m42s   10.244.23.1     minikube   <none>           <none>
server-deployment-85ffcbb4fd-mxlfr   1/1     Running             0          13m     10.244.22.194   minikube   <none>           <none>
server-deployment-85ffcbb4fd-nmvr4   1/1     Running             0          13m     10.244.22.195   minikube   <none>           <none>
server-deployment-85ffcbb4fd-st8kp   1/1     Running             0          25m     10.244.22.72    minikube   <none>           <none>
server-deployment-85ffcbb4fd-tr5xv   1/1     Running             0          19m     10.244.22.133   minikube   <none>           <none>
server-deployment-85ffcbb4fd-vt4rg   1/1     Running             0          19m     10.244.22.132   minikube   <none>           <none>
server-deployment-85ffcbb4fd-znxms   0/1     ContainerCreating   0          1s      <none>          minikube   <none>           <none>

Name:                   server-deployment
Namespace:              default
CreationTimestamp:      Sat, 28 Jun 2025 12:45:49 -0300
Labels:                 app=server
Annotations:            deployment.kubernetes.io/revision: 2
Selector:               app=server
Replicas:               10 desired | 10 updated | 10 total | 8 available | 2 unavailable
StrategyType:           RollingUpdate
MinReadySeconds:        0
RollingUpdateStrategy:  25% max unavailable, 25% max surge
Pod Template:
  Labels:  app=server
  Containers:
   server:
    Image:      kapelinsky/tcp-server-go:latest
    Port:       8080/TCP
    Host Port:  0/TCP
    Environment:
      PORT:        8080
    Mounts:        <none>
  Volumes:         <none>
  Node-Selectors:  <none>
  Tolerations:     <none>
Conditions:
  Type           Status  Reason
  ----           ------  ------
  Progressing    True    NewReplicaSetAvailable
  Available      True    MinimumReplicasAvailable
OldReplicaSets:  server-deployment-6f9898545f (0/0 replicas created)
NewReplicaSet:   server-deployment-85ffcbb4fd (10/10 replicas created)
Events:
  Type    Reason             Age    From                   Message
  ----    ------             ----   ----                   -------
  Normal  ScalingReplicaSet  25m    deployment-controller  Scaled up replica set server-deployment-6f9898545f from 0 to 2
  Normal  ScalingReplicaSet  25m    deployment-controller  Scaled up replica set server-deployment-85ffcbb4fd from 0 to 1
  Normal  ScalingReplicaSet  25m    deployment-controller  Scaled down replica set server-deployment-6f9898545f from 2 to 1
  Normal  ScalingReplicaSet  25m    deployment-controller  Scaled up replica set server-deployment-85ffcbb4fd from 1 to 2
  Normal  ScalingReplicaSet  25m    deployment-controller  Scaled down replica set server-deployment-6f9898545f from 1 to 0
  Normal  ScalingReplicaSet  19m    deployment-controller  Scaled up replica set server-deployment-85ffcbb4fd from 2 to 4
  Normal  ScalingReplicaSet  13m    deployment-controller  Scaled up replica set server-deployment-85ffcbb4fd from 4 to 6
  Normal  ScalingReplicaSet  6m42s  deployment-controller  Scaled up replica set server-deployment-85ffcbb4fd from 6 to 8
  Normal  ScalingReplicaSet  1s     deployment-controller  Scaled up replica set server-deployment-85ffcbb4fd from 8 to 10
