--- STATUS EM Sat Jun 28 01:46:03 PM -03 2025 ---
NAME                                 READY   STATUS              RESTARTS   AGE     IP              NODE       NOMINATED NODE   READINESS GATES
server-deployment-77f8657bdc-74mkt   0/1     ContainerCreating   0          1s      <none>          minikube   <none>           <none>
server-deployment-77f8657bdc-95gn2   1/1     Running             0          7m10s   10.244.24.57    minikube   <none>           <none>
server-deployment-77f8657bdc-j8g28   1/1     Running             0          27m     10.244.23.128   minikube   <none>           <none>
server-deployment-77f8657bdc-nfpzk   1/1     Running             0          14m     10.244.23.250   minikube   <none>           <none>
server-deployment-77f8657bdc-nzdkw   1/1     Running             0          20m     10.244.23.189   minikube   <none>           <none>
server-deployment-77f8657bdc-p5ztv   1/1     Running             0          27m     10.244.23.126   minikube   <none>           <none>
server-deployment-77f8657bdc-rgv6m   1/1     Running             0          7m10s   10.244.24.56    minikube   <none>           <none>
server-deployment-77f8657bdc-tgklr   0/1     ContainerCreating   0          1s      <none>          minikube   <none>           <none>
server-deployment-77f8657bdc-tvjgp   1/1     Running             0          14m     10.244.23.251   minikube   <none>           <none>
server-deployment-77f8657bdc-v7m82   1/1     Running             0          20m     10.244.23.188   minikube   <none>           <none>

Name:                   server-deployment
Namespace:              default
CreationTimestamp:      Sat, 28 Jun 2025 13:18:18 -0300
Labels:                 app=server
Annotations:            deployment.kubernetes.io/revision: 2
Selector:               app=server
Replicas:               10 desired | 10 updated | 10 total | 8 available | 2 unavailable
StrategyType:           RollingUpdate
MinReadySeconds:        0
RollingUpdateStrategy:  25% max unavailable, 25% max surge
Pod Template:
  Labels:  app=server
  Containers:
   server:
    Image:      kapelinsky/tcp-server-cpp:latest
    Port:       8080/TCP
    Host Port:  0/TCP
    Environment:
      PORT:        8080
    Mounts:        <none>
  Volumes:         <none>
  Node-Selectors:  <none>
  Tolerations:     <none>
Conditions:
  Type           Status  Reason
  ----           ------  ------
  Progressing    True    NewReplicaSetAvailable
  Available      True    MinimumReplicasAvailable
OldReplicaSets:  server-deployment-6f9898545f (0/0 replicas created)
NewReplicaSet:   server-deployment-77f8657bdc (10/10 replicas created)
Events:
  Type    Reason             Age    From                   Message
  ----    ------             ----   ----                   -------
  Normal  ScalingReplicaSet  27m    deployment-controller  Scaled up replica set server-deployment-6f9898545f from 0 to 2
  Normal  ScalingReplicaSet  27m    deployment-controller  Scaled up replica set server-deployment-77f8657bdc from 0 to 1
  Normal  ScalingReplicaSet  27m    deployment-controller  Scaled down replica set server-deployment-6f9898545f from 2 to 1
  Normal  ScalingReplicaSet  27m    deployment-controller  Scaled up replica set server-deployment-77f8657bdc from 1 to 2
  Normal  ScalingReplicaSet  27m    deployment-controller  Scaled down replica set server-deployment-6f9898545f from 1 to 0
  Normal  ScalingReplicaSet  20m    deployment-controller  Scaled up replica set server-deployment-77f8657bdc from 2 to 4
  Normal  ScalingReplicaSet  14m    deployment-controller  Scaled up replica set server-deployment-77f8657bdc from 4 to 6
  Normal  ScalingReplicaSet  7m10s  deployment-controller  Scaled up replica set server-deployment-77f8657bdc from 6 to 8
  Normal  ScalingReplicaSet  1s     deployment-controller  Scaled up replica set server-deployment-77f8657bdc from 8 to 10
