NAME                       READY   STATUS              RESTARTS   AGE
client-job-10s-10c-sbmxl   0/1     ContainerCreating   0          10s
client-job-10s-1c-8hngf    0/1     ContainerCreating   0          11s
client-job-10s-2c-z65t8    0/1     ContainerCreating   0          11s
client-job-10s-3c-snkkd    0/1     ContainerCreating   0          11s
client-job-10s-4c-n6nhd    0/1     ContainerCreating   0          11s
client-job-10s-5c-2zht4    0/1     ContainerCreating   0          11s
client-job-10s-6c-sq54x    0/1     ContainerCreating   0          11s
client-job-10s-7c-6d8qn    0/1     ContainerCreating   0          10s
client-job-10s-8c-xslvn    0/1     ContainerCreating   0          10s
client-job-10s-9c-m7v2j    0/1     ContainerCreating   0          10s
client-job-8s-100c-gqd5w   0/1     Terminating         0          2m1s
client-job-8s-12c-g2csf    0/1     Terminating         0          2m11s
client-job-8s-18c-5zdl2    0/1     Terminating         0          2m32s
client-job-8s-1c-k7fvm     0/1     Terminating         0          2m12s
client-job-8s-24c-qsmxn    0/1     Terminating         0          2m10s
client-job-8s-25c-mkjqh    0/1     Terminating         0          2m10s
client-job-8s-26c-hwjhl    0/1     Terminating         0          2m10s
client-job-8s-27c-cg9zg    0/1     Terminating         0          2m10s
client-job-8s-28c-gh6lz    0/1     Terminating         0          2m10s
client-job-8s-28c-mg8t7    0/1     Terminating         0          2m31s
client-job-8s-29c-ll62l    0/1     Terminating         0          2m10s
client-job-8s-29c-mfbvm    0/1     Terminating         0          2m31s
client-job-8s-2c-c6qhz     0/1     Terminating         0          2m12s
client-job-8s-30c-9fc8w    0/1     Terminating         0          2m9s
client-job-8s-30c-mrhfw    0/1     Terminating         0          2m31s
client-job-8s-31c-hczrg    0/1     Terminating         0          2m9s
client-job-8s-3c-fz4ft     0/1     Terminating         0          2m12s
client-job-8s-3c-jw59w     0/1     Completed           0          2m34s
client-job-8s-43c-djmhb    0/1     Terminating         0          2m8s
client-job-8s-44c-6qd6c    0/1     Terminating         0          2m8s
client-job-8s-45c-6nvjw    0/1     Terminating         0          2m8s
client-job-8s-46c-7rlcf    0/1     Terminating         0          2m8s
client-job-8s-47c-fp7k2    0/1     Terminating         0          2m7s
client-job-8s-47c-wvtwc    0/1     Terminating         0          2m29s
client-job-8s-48c-ck2tn    0/1     Terminating         0          2m29s
client-job-8s-48c-nxtrm    0/1     Terminating         0          2m7s
client-job-8s-49c-mhrld    0/1     Terminating         0          2m7s
client-job-8s-49c-rnbdx    0/1     Terminating         0          2m29s
client-job-8s-4c-8m2sv     0/1     Terminating         0          2m34s
client-job-8s-4c-tvjvd     0/1     Terminating         0          2m12s
client-job-8s-50c-cb8xt    0/1     Terminating         0          2m7s
client-job-8s-50c-mpf4g    0/1     Terminating         0          2m28s
client-job-8s-51c-wlx7p    0/1     Terminating         0          2m7s
client-job-8s-52c-lc5wf    0/1     Terminating         0          2m7s
client-job-8s-53c-92k8x    0/1     Terminating         0          2m7s
client-job-8s-54c-tm6x6    0/1     Terminating         0          2m7s
client-job-8s-55c-6z4l2    0/1     Terminating         0          2m6s
client-job-8s-56c-qhxpb    0/1     Terminating         0          2m6s
client-job-8s-57c-rhcrr    0/1     Terminating         0          2m6s
client-job-8s-58c-jqlbs    0/1     Terminating         0          2m6s
client-job-8s-59c-6x5xg    0/1     Terminating         0          2m6s
client-job-8s-5c-5zgmf     0/1     Terminating         0          2m12s
client-job-8s-5c-7n9zs     0/1     Terminating         0          2m34s
client-job-8s-60c-76sgn    0/1     Terminating         0          2m6s
client-job-8s-61c-rwzwp    0/1     Terminating         0          2m6s
client-job-8s-62c-8g7tw    0/1     Terminating         0          2m6s
client-job-8s-63c-7t2hj    0/1     Terminating         0          2m6s
client-job-8s-64c-7spsr    0/1     Terminating         0          2m5s
client-job-8s-65c-tjvzt    0/1     Terminating         0          2m5s
client-job-8s-66c-kpf4c    0/1     Terminating         0          2m5s
client-job-8s-67c-brk5t    0/1     Terminating         0          2m5s
client-job-8s-68c-kpxc4    0/1     Terminating         0          2m5s
client-job-8s-69c-4fns4    0/1     Terminating         0          2m5s
client-job-8s-70c-rh67w    0/1     Terminating         0          2m5s
client-job-8s-71c-lkd7q    0/1     Terminating         0          2m5s
client-job-8s-72c-6tqtc    0/1     Terminating         0          2m4s
client-job-8s-73c-twxfh    0/1     Terminating         0          2m4s
client-job-8s-74c-w8z2p    0/1     Terminating         0          2m4s
client-job-8s-75c-kmtcz    0/1     Terminating         0          2m4s
client-job-8s-76c-7gqtm    0/1     Terminating         0          2m4s
client-job-8s-77c-72qn5    0/1     Terminating         0          2m4s
client-job-8s-78c-bjndm    0/1     Terminating         0          2m4s
client-job-8s-79c-kt9qs    0/1     Terminating         0          2m4s
client-job-8s-7c-4tq7x     0/1     Terminating         0          2m12s
client-job-8s-80c-kqrvg    0/1     Terminating         0          2m3s
client-job-8s-81c-sdmtk    0/1     Terminating         0          2m3s
client-job-8s-82c-nhgjg    0/1     Terminating         0          2m3s
client-job-8s-83c-97hwh    0/1     Terminating         0          2m3s
client-job-8s-84c-b688w    0/1     Terminating         0          2m3s
client-job-8s-85c-b6nfq    0/1     Terminating         0          2m3s
client-job-8s-86c-8n24t    0/1     Terminating         0          2m3s
client-job-8s-87c-84pbq    0/1     Terminating         0          2m3s
client-job-8s-88c-tqzf7    0/1     Terminating         0          2m3s
client-job-8s-89c-cd5p8    0/1     Terminating         0          2m2s
client-job-8s-90c-5qgpb    0/1     Terminating         0          2m2s
client-job-8s-91c-ddszc    0/1     Terminating         0          2m2s
client-job-8s-92c-jlqrb    0/1     Terminating         0          2m2s
client-job-8s-93c-m7q7k    0/1     Terminating         0          2m2s
client-job-8s-94c-pvstq    0/1     Terminating         0          2m2s
client-job-8s-95c-sn49g    0/1     Terminating         0          2m2s
client-job-8s-96c-x5ch5    0/1     Terminating         0          2m2s
client-job-8s-97c-5sc7d    0/1     Terminating         0          2m1s
client-job-8s-98c-gf44x    0/1     Terminating         0          2m1s
client-job-8s-99c-znprw    0/1     Terminating         0          2m1s
