NAME                STATUS     COMPLETIONS   DURATION   AGE
client-job-2s-10c   Running    0/1           15s        15s
client-job-2s-11c   Running    0/1           15s        15s
client-job-2s-12c   Running    0/1           15s        15s
client-job-2s-13c   Running    0/1           15s        15s
client-job-2s-14c   Running    0/1           15s        15s
client-job-2s-15c   Running    0/1           15s        15s
client-job-2s-16c   Running    0/1           15s        15s
client-job-2s-17c   Running    0/1           15s        15s
client-job-2s-18c   Running    0/1           14s        14s
client-job-2s-19c   Running    0/1           14s        14s
client-job-2s-1c    Complete   1/1           6s         16s
client-job-2s-20c   Running    0/1           14s        14s
client-job-2s-21c   Running    0/1           14s        14s
client-job-2s-22c   Running    0/1           14s        14s
client-job-2s-23c   Running    0/1           14s        14s
client-job-2s-24c   Running    0/1           14s        14s
client-job-2s-25c   Running    0/1           14s        14s
client-job-2s-26c   Running    0/1           14s        14s
client-job-2s-27c   Running    0/1           13s        13s
client-job-2s-28c   Running    0/1           13s        13s
client-job-2s-29c   Running    0/1           13s        13s
client-job-2s-2c    Complete   1/1           8s         16s
client-job-2s-30c   Running    0/1           13s        13s
client-job-2s-31c   Running    0/1           13s        13s
client-job-2s-32c   Running    0/1           13s        13s
client-job-2s-33c   Running    0/1           13s        13s
client-job-2s-34c   Running    0/1           13s        13s
client-job-2s-35c   Running    0/1           12s        12s
client-job-2s-36c   Running    0/1           12s        12s
client-job-2s-37c   Running    0/1           12s        12s
client-job-2s-38c   Running    0/1           12s        12s
client-job-2s-39c   Running    0/1           12s        12s
client-job-2s-3c    Complete   1/1           9s         16s
client-job-2s-40c   Running    0/1           12s        12s
client-job-2s-41c   Running    0/1           12s        12s
client-job-2s-42c   Running    0/1           11s        11s
client-job-2s-43c   Running    0/1           11s        11s
client-job-2s-44c   Running    0/1           11s        11s
client-job-2s-45c   Running    0/1           11s        11s
client-job-2s-46c   Running    0/1           11s        11s
client-job-2s-47c   Running    0/1           11s        11s
client-job-2s-48c   Running    0/1           11s        11s
client-job-2s-49c   Running    0/1           11s        11s
client-job-2s-4c    Complete   1/1           10s        16s
client-job-2s-50c   Running    0/1           11s        11s
client-job-2s-5c    Complete   1/1           11s        16s
client-job-2s-6c    Complete   1/1           13s        16s
client-job-2s-7c    Complete   1/1           15s        16s
client-job-2s-8c    Running    0/1           16s        16s
client-job-2s-9c    Running    0/1           15s        15s
