NAME                 STATUS    COMPLETIONS   DURATION   AGE
client-job-4s-100c   Running   0/1           8s         11s
client-job-4s-10c    Running   0/1           19s        19s
client-job-4s-11c    Running   0/1           18s        18s
client-job-4s-12c    Running   0/1           18s        18s
client-job-4s-13c    Running   0/1           18s        18s
client-job-4s-14c    Running   0/1           18s        18s
client-job-4s-15c    Running   0/1           18s        18s
client-job-4s-16c    Running   0/1           18s        18s
client-job-4s-17c    Running   0/1           18s        18s
client-job-4s-18c    Running   0/1           18s        18s
client-job-4s-19c    Running   0/1           18s        18s
client-job-4s-1c     Running   0/1           19s        19s
client-job-4s-20c    Running   0/1           18s        18s
client-job-4s-21c    Running   0/1           17s        17s
client-job-4s-22c    Running   0/1           17s        17s
client-job-4s-23c    Running   0/1           17s        17s
client-job-4s-24c    Running   0/1           17s        17s
client-job-4s-25c    Running   0/1           17s        17s
client-job-4s-26c    Running   0/1           17s        17s
client-job-4s-27c    Running   0/1           17s        17s
client-job-4s-28c    Running   0/1           17s        17s
client-job-4s-29c    Running   0/1           17s        17s
client-job-4s-2c     Running   0/1           19s        19s
client-job-4s-30c    Running   0/1           16s        17s
client-job-4s-31c    Running   0/1           16s        16s
client-job-4s-32c    Running   0/1           16s        16s
client-job-4s-33c    Running   0/1           16s        16s
client-job-4s-34c    Running   0/1           16s        16s
client-job-4s-35c    Running   0/1           16s        16s
client-job-4s-36c    Running   0/1           16s        16s
client-job-4s-37c    Running   0/1           16s        16s
client-job-4s-38c    Running   0/1           16s        16s
client-job-4s-39c    Running   0/1           16s        16s
client-job-4s-3c     Running   0/1           19s        19s
client-job-4s-40c    Running   0/1           15s        15s
client-job-4s-41c    Running   0/1           15s        15s
client-job-4s-42c    Running   0/1           15s        15s
client-job-4s-43c    Running   0/1           15s        15s
client-job-4s-44c    Running   0/1           15s        15s
client-job-4s-45c    Running   0/1           15s        15s
client-job-4s-46c    Running   0/1           15s        15s
client-job-4s-47c    Running   0/1           15s        15s
client-job-4s-48c    Running   0/1           15s        15s
client-job-4s-49c    Running   0/1           14s        15s
client-job-4s-4c     Running   0/1           19s        19s
client-job-4s-50c    Running   0/1           14s        14s
client-job-4s-51c    Running   0/1           14s        14s
client-job-4s-52c    Running   0/1           14s        14s
client-job-4s-53c    Running   0/1           14s        14s
client-job-4s-54c    Running   0/1           14s        14s
client-job-4s-55c    Running   0/1           14s        14s
client-job-4s-56c    Running   0/1           14s        14s
client-job-4s-57c    Running   0/1           13s        14s
client-job-4s-58c    Running   0/1           13s        14s
client-job-4s-59c    Running   0/1           13s        14s
client-job-4s-5c     Running   0/1           19s        19s
client-job-4s-60c    Running   0/1           13s        14s
client-job-4s-61c    Running   0/1           13s        14s
client-job-4s-62c    Running   0/1           13s        13s
client-job-4s-63c    Running   0/1           13s        13s
client-job-4s-64c    Running   0/1           13s        13s
client-job-4s-65c    Running   0/1           12s        13s
client-job-4s-66c    Running   0/1           12s        13s
client-job-4s-67c    Running   0/1           12s        13s
client-job-4s-68c    Running   0/1           12s        13s
client-job-4s-69c    Running   0/1           12s        13s
client-job-4s-6c     Running   0/1           19s        19s
client-job-4s-70c    Running   0/1           12s        13s
client-job-4s-71c    Running   0/1           12s        13s
client-job-4s-72c    Running   0/1           12s        13s
client-job-4s-73c    Running   0/1           12s        13s
client-job-4s-74c    Running   0/1           11s        13s
client-job-4s-75c    Running   0/1           11s        12s
client-job-4s-76c    Running   0/1           11s        12s
client-job-4s-77c    Running   0/1           11s        12s
client-job-4s-78c    Running   0/1           11s        12s
client-job-4s-79c    Running   0/1           11s        12s
client-job-4s-7c     Running   0/1           19s        19s
client-job-4s-80c    Running   0/1           11s        12s
client-job-4s-81c    Running   0/1           11s        12s
client-job-4s-82c    Running   0/1           10s        12s
client-job-4s-83c    Running   0/1           10s        12s
client-job-4s-84c    Running   0/1           10s        12s
client-job-4s-85c    Running   0/1           10s        12s
client-job-4s-86c    Running   0/1           10s        12s
client-job-4s-87c    Running   0/1           10s        12s
client-job-4s-88c    Running   0/1           10s        12s
client-job-4s-89c    Running   0/1           10s        11s
client-job-4s-8c     Running   0/1           19s        19s
client-job-4s-90c    Running   0/1           9s         11s
client-job-4s-91c    Running   0/1           9s         11s
client-job-4s-92c    Running   0/1           9s         11s
client-job-4s-93c    Running   0/1           9s         11s
client-job-4s-94c    Running   0/1           9s         11s
client-job-4s-95c    Running   0/1           9s         11s
client-job-4s-96c    Running   0/1           9s         11s
client-job-4s-97c    Running   0/1           9s         11s
client-job-4s-98c    Running   0/1           9s         11s
client-job-4s-99c    Running   0/1           8s         11s
client-job-4s-9c     Running   0/1           19s        19s
