NAME                      READY   STATUS              RESTARTS   AGE
client-job-2s-10c-mwxrf   0/1     ContainerCreating   0          15s
client-job-2s-11c-z9zlt   0/1     ContainerCreating   0          15s
client-job-2s-12c-swlwl   0/1     ContainerCreating   0          15s
client-job-2s-13c-wj56p   0/1     ContainerCreating   0          15s
client-job-2s-14c-f2sh2   0/1     ContainerCreating   0          15s
client-job-2s-15c-kbzk9   0/1     ContainerCreating   0          15s
client-job-2s-16c-9kmm6   0/1     ContainerCreating   0          15s
client-job-2s-17c-4rxsw   0/1     ContainerCreating   0          15s
client-job-2s-18c-s95mm   0/1     ContainerCreating   0          14s
client-job-2s-19c-4ld7f   0/1     ContainerCreating   0          14s
client-job-2s-1c-8dn5r    0/1     Completed           0          16s
client-job-2s-20c-vlsz6   0/1     ContainerCreating   0          14s
client-job-2s-21c-b2xgg   0/1     ContainerCreating   0          14s
client-job-2s-22c-mk4zg   0/1     ContainerCreating   0          14s
client-job-2s-23c-bf24t   0/1     ContainerCreating   0          14s
client-job-2s-24c-8sdsw   0/1     ContainerCreating   0          14s
client-job-2s-25c-74wjb   0/1     ContainerCreating   0          14s
client-job-2s-26c-zln29   0/1     ContainerCreating   0          14s
client-job-2s-27c-jkkcq   0/1     ContainerCreating   0          13s
client-job-2s-28c-mgqm6   0/1     ContainerCreating   0          13s
client-job-2s-29c-nldtk   0/1     ContainerCreating   0          13s
client-job-2s-2c-497mk    0/1     Completed           0          16s
client-job-2s-30c-l7bdf   0/1     ContainerCreating   0          13s
client-job-2s-31c-h4595   0/1     ContainerCreating   0          13s
client-job-2s-32c-c22nv   0/1     ContainerCreating   0          13s
client-job-2s-33c-ld5wh   0/1     ContainerCreating   0          13s
client-job-2s-34c-5r2mv   0/1     ContainerCreating   0          13s
client-job-2s-35c-l82zn   0/1     ContainerCreating   0          12s
client-job-2s-36c-l99px   0/1     ContainerCreating   0          12s
client-job-2s-37c-mlnqs   0/1     ContainerCreating   0          12s
client-job-2s-38c-6fvs6   0/1     ContainerCreating   0          12s
client-job-2s-39c-qnnhv   0/1     ContainerCreating   0          12s
client-job-2s-3c-k8kh7    0/1     Completed           0          16s
client-job-2s-40c-klkqn   0/1     ContainerCreating   0          12s
client-job-2s-41c-b5wrl   0/1     ContainerCreating   0          12s
client-job-2s-42c-nzxq5   0/1     ContainerCreating   0          11s
client-job-2s-43c-h6jh4   0/1     ContainerCreating   0          11s
client-job-2s-44c-64vbd   0/1     ContainerCreating   0          11s
client-job-2s-45c-sfvhr   0/1     ContainerCreating   0          11s
client-job-2s-46c-9rrxv   0/1     ContainerCreating   0          11s
client-job-2s-47c-2b5cx   0/1     ContainerCreating   0          11s
client-job-2s-48c-9mxlb   0/1     ContainerCreating   0          11s
client-job-2s-49c-tsbls   0/1     ContainerCreating   0          11s
client-job-2s-4c-v4hx8    0/1     Completed           0          16s
client-job-2s-50c-m24rc   0/1     ContainerCreating   0          10s
client-job-2s-5c-vd75m    0/1     Completed           0          16s
client-job-2s-6c-hvxc8    0/1     Completed           0          16s
client-job-2s-7c-p2hlj    0/1     Completed           0          16s
client-job-2s-8c-9jbrf    0/1     Completed           0          16s
client-job-2s-9c-jvz9k    0/1     ContainerCreating   0          15s
