NAME                 STATUS    COMPLETIONS   DURATION   AGE
client-job-8s-100c   Running   0/1           8s         11s
client-job-8s-10c    Running   0/1           18s        18s
client-job-8s-11c    Running   0/1           18s        18s
client-job-8s-12c    Running   0/1           18s        18s
client-job-8s-13c    Running   0/1           18s        18s
client-job-8s-14c    Running   0/1           18s        18s
client-job-8s-15c    Running   0/1           18s        18s
client-job-8s-16c    Running   0/1           18s        18s
client-job-8s-17c    Running   0/1           18s        18s
client-job-8s-18c    Running   0/1           18s        18s
client-job-8s-19c    Running   0/1           17s        17s
client-job-8s-1c     Running   0/1           19s        19s
client-job-8s-20c    Running   0/1           17s        17s
client-job-8s-21c    Running   0/1           17s        17s
client-job-8s-22c    Running   0/1           17s        17s
client-job-8s-23c    Running   0/1           17s        17s
client-job-8s-24c    Running   0/1           17s        17s
client-job-8s-25c    Running   0/1           17s        17s
client-job-8s-26c    Running   0/1           17s        17s
client-job-8s-27c    Running   0/1           17s        17s
client-job-8s-28c    Running   0/1           17s        17s
client-job-8s-29c    Running   0/1           17s        17s
client-job-8s-2c     Running   0/1           19s        19s
client-job-8s-30c    Running   0/1           17s        17s
client-job-8s-31c    Running   0/1           16s        16s
client-job-8s-32c    Running   0/1           16s        16s
client-job-8s-33c    Running   0/1           16s        16s
client-job-8s-34c    Running   0/1           16s        16s
client-job-8s-35c    Running   0/1           16s        16s
client-job-8s-36c    Running   0/1           16s        16s
client-job-8s-37c    Running   0/1           16s        16s
client-job-8s-38c    Running   0/1           16s        16s
client-job-8s-39c    Running   0/1           16s        16s
client-job-8s-3c     Running   0/1           19s        19s
client-job-8s-40c    Running   0/1           16s        16s
client-job-8s-41c    Running   0/1           15s        16s
client-job-8s-42c    Running   0/1           15s        16s
client-job-8s-43c    Running   0/1           15s        15s
client-job-8s-44c    Running   0/1           15s        15s
client-job-8s-45c    Running   0/1           15s        15s
client-job-8s-46c    Running   0/1           15s        15s
client-job-8s-47c    Running   0/1           15s        15s
client-job-8s-48c    Running   0/1           15s        15s
client-job-8s-49c    Running   0/1           14s        15s
client-job-8s-4c     Running   0/1           19s        19s
client-job-8s-50c    Running   0/1           14s        15s
client-job-8s-51c    Running   0/1           14s        15s
client-job-8s-52c    Running   0/1           14s        15s
client-job-8s-53c    Running   0/1           14s        15s
client-job-8s-54c    Running   0/1           14s        14s
client-job-8s-55c    Running   0/1           14s        14s
client-job-8s-56c    Running   0/1           14s        14s
client-job-8s-57c    Running   0/1           14s        14s
client-job-8s-58c    Running   0/1           13s        14s
client-job-8s-59c    Running   0/1           13s        14s
client-job-8s-5c     Running   0/1           19s        19s
client-job-8s-60c    Running   0/1           13s        14s
client-job-8s-61c    Running   0/1           13s        14s
client-job-8s-62c    Running   0/1           13s        14s
client-job-8s-63c    Running   0/1           13s        14s
client-job-8s-64c    Running   0/1           13s        14s
client-job-8s-65c    Running   0/1           13s        14s
client-job-8s-66c    Running   0/1           12s        13s
client-job-8s-67c    Running   0/1           12s        13s
client-job-8s-68c    Running   0/1           12s        13s
client-job-8s-69c    Running   0/1           12s        13s
client-job-8s-6c     Running   0/1           19s        19s
client-job-8s-70c    Running   0/1           12s        13s
client-job-8s-71c    Running   0/1           12s        13s
client-job-8s-72c    Running   0/1           12s        13s
client-job-8s-73c    Running   0/1           12s        13s
client-job-8s-74c    Running   0/1           11s        13s
client-job-8s-75c    Running   0/1           11s        13s
client-job-8s-76c    Running   0/1           11s        13s
client-job-8s-77c    Running   0/1           11s        13s
client-job-8s-78c    Running   0/1           11s        13s
client-job-8s-79c    Running   0/1           11s        12s
client-job-8s-7c     Running   0/1           19s        19s
client-job-8s-80c    Running   0/1           11s        12s
client-job-8s-81c    Running   0/1           11s        12s
client-job-8s-82c    Running   0/1           11s        12s
client-job-8s-83c    Running   0/1           10s        12s
client-job-8s-84c    Running   0/1           10s        12s
client-job-8s-85c    Running   0/1           10s        12s
client-job-8s-86c    Running   0/1           10s        12s
client-job-8s-87c    Running   0/1           10s        12s
client-job-8s-88c    Running   0/1           10s        12s
client-job-8s-89c    Running   0/1           10s        12s
client-job-8s-8c     Running   0/1           18s        18s
client-job-8s-90c    Running   0/1           10s        12s
client-job-8s-91c    Running   0/1           9s         11s
client-job-8s-92c    Running   0/1           9s         11s
client-job-8s-93c    Running   0/1           9s         11s
client-job-8s-94c    Running   0/1           9s         11s
client-job-8s-95c    Running   0/1           9s         11s
client-job-8s-96c    Running   0/1           9s         11s
client-job-8s-97c    Running   0/1           9s         11s
client-job-8s-98c    Running   0/1           9s         11s
client-job-8s-99c    Running   0/1           8s         11s
client-job-8s-9c     Running   0/1           18s        18s
