NAME                 STATUS     COMPLETIONS   DURATION   AGE
client-job-2s-100c   Complete   1/1           2m31s      2m44s
client-job-2s-10c    Complete   1/1           22s        2m59s
client-job-2s-11c    Complete   1/1           23s        2m59s
client-job-2s-12c    Complete   1/1           23s        2m58s
client-job-2s-13c    Complete   1/1           26s        2m58s
client-job-2s-14c    Complete   1/1           27s        2m58s
client-job-2s-15c    Complete   1/1           29s        2m58s
client-job-2s-16c    Complete   1/1           30s        2m58s
client-job-2s-17c    Complete   1/1           31s        2m58s
client-job-2s-18c    Complete   1/1           33s        2m58s
client-job-2s-19c    Complete   1/1           33s        2m57s
client-job-2s-1c     Complete   1/1           9s         3m
client-job-2s-20c    Complete   1/1           36s        2m57s
client-job-2s-21c    Complete   1/1           37s        2m57s
client-job-2s-22c    Complete   1/1           38s        2m57s
client-job-2s-23c    Complete   1/1           40s        2m57s
client-job-2s-24c    Complete   1/1           41s        2m57s
client-job-2s-25c    Complete   1/1           42s        2m56s
client-job-2s-26c    Complete   1/1           44s        2m56s
client-job-2s-27c    Complete   1/1           45s        2m56s
client-job-2s-28c    Complete   1/1           46s        2m56s
client-job-2s-29c    Complete   1/1           50s        2m56s
client-job-2s-2c     Complete   1/1           11s        3m
client-job-2s-30c    Complete   1/1           48s        2m56s
client-job-2s-31c    Complete   1/1           52s        2m56s
client-job-2s-32c    Complete   1/1           52s        2m55s
client-job-2s-33c    Complete   1/1           55s        2m55s
client-job-2s-34c    Complete   1/1           56s        2m55s
client-job-2s-35c    Complete   1/1           58s        2m55s
client-job-2s-36c    Complete   1/1           59s        2m55s
client-job-2s-37c    Complete   1/1           60s        2m55s
client-job-2s-38c    Complete   1/1           62s        2m55s
client-job-2s-39c    Complete   1/1           63s        2m55s
client-job-2s-3c     Complete   1/1           13s        3m
client-job-2s-40c    Complete   1/1           64s        2m54s
client-job-2s-41c    Complete   1/1           66s        2m54s
client-job-2s-42c    Complete   1/1           68s        2m54s
client-job-2s-43c    Complete   1/1           70s        2m54s
client-job-2s-44c    Complete   1/1           73s        2m54s
client-job-2s-45c    Complete   1/1           72s        2m54s
client-job-2s-46c    Complete   1/1           75s        2m54s
client-job-2s-47c    Complete   1/1           75s        2m53s
client-job-2s-48c    Complete   1/1           76s        2m53s
client-job-2s-49c    Complete   1/1           78s        2m53s
client-job-2s-4c     Complete   1/1           13s        2m59s
client-job-2s-50c    Complete   1/1           79s        2m53s
client-job-2s-51c    Complete   1/1           81s        2m53s
client-job-2s-52c    Complete   1/1           81s        2m52s
client-job-2s-53c    Complete   1/1           83s        2m52s
client-job-2s-54c    Complete   1/1           85s        2m52s
client-job-2s-55c    Complete   1/1           87s        2m52s
client-job-2s-56c    Complete   1/1           88s        2m52s
client-job-2s-57c    Complete   1/1           89s        2m51s
client-job-2s-58c    Complete   1/1           90s        2m51s
client-job-2s-59c    Complete   1/1           92s        2m51s
client-job-2s-5c     Complete   1/1           16s        2m59s
client-job-2s-60c    Complete   1/1           93s        2m51s
client-job-2s-61c    Complete   1/1           95s        2m51s
client-job-2s-62c    Complete   1/1           96s        2m51s
client-job-2s-63c    Complete   1/1           97s        2m50s
client-job-2s-64c    Complete   1/1           99s        2m50s
client-job-2s-65c    Complete   1/1           100s       2m50s
client-job-2s-66c    Complete   1/1           101s       2m50s
client-job-2s-67c    Complete   1/1           104s       2m50s
client-job-2s-68c    Complete   1/1           105s       2m50s
client-job-2s-69c    Complete   1/1           107s       2m50s
client-job-2s-6c     Complete   1/1           16s        2m59s
client-job-2s-70c    Complete   1/1           108s       2m49s
client-job-2s-71c    Complete   1/1           109s       2m49s
client-job-2s-72c    Complete   1/1           111s       2m49s
client-job-2s-73c    Complete   1/1           112s       2m49s
client-job-2s-74c    Complete   1/1           114s       2m49s
client-job-2s-75c    Complete   1/1           114s       2m48s
client-job-2s-76c    Complete   1/1           116s       2m48s
client-job-2s-77c    Complete   1/1           118s       2m48s
client-job-2s-78c    Complete   1/1           119s       2m48s
client-job-2s-79c    Complete   1/1           2m1s       2m48s
client-job-2s-7c     Complete   1/1           19s        2m59s
client-job-2s-80c    Complete   1/1           2m2s       2m47s
client-job-2s-81c    Complete   1/1           2m3s       2m47s
client-job-2s-82c    Complete   1/1           2m5s       2m47s
client-job-2s-83c    Complete   1/1           2m7s       2m47s
client-job-2s-84c    Complete   1/1           2m8s       2m47s
client-job-2s-85c    Complete   1/1           2m10s      2m47s
client-job-2s-86c    Complete   1/1           2m10s      2m46s
client-job-2s-87c    Complete   1/1           2m13s      2m46s
client-job-2s-88c    Complete   1/1           2m12s      2m46s
client-job-2s-89c    Complete   1/1           2m15s      2m46s
client-job-2s-8c     Complete   1/1           18s        2m59s
client-job-2s-90c    Complete   1/1           2m17s      2m46s
client-job-2s-91c    Complete   1/1           2m18s      2m46s
client-job-2s-92c    Complete   1/1           2m20s      2m45s
client-job-2s-93c    Complete   1/1           2m21s      2m45s
client-job-2s-94c    Complete   1/1           2m23s      2m45s
client-job-2s-95c    Complete   1/1           2m24s      2m45s
client-job-2s-96c    Complete   1/1           2m26s      2m45s
client-job-2s-97c    Complete   1/1           2m27s      2m44s
client-job-2s-98c    Complete   1/1           2m29s      2m44s
client-job-2s-99c    Complete   1/1           2m30s      2m44s
client-job-2s-9c     Complete   1/1           20s        2m59s
