NAME                 STATUS    COMPLETIONS   DURATION   AGE
client-job-6s-100c   Running   0/1           9s         11s
client-job-6s-10c    Running   0/1           19s        19s
client-job-6s-11c    Running   0/1           19s        19s
client-job-6s-12c    Running   0/1           19s        19s
client-job-6s-13c    Running   0/1           19s        19s
client-job-6s-14c    Running   0/1           18s        18s
client-job-6s-15c    Running   0/1           18s        18s
client-job-6s-16c    Running   0/1           18s        18s
client-job-6s-17c    Running   0/1           18s        18s
client-job-6s-18c    Running   0/1           18s        18s
client-job-6s-19c    Running   0/1           18s        18s
client-job-6s-1c     Running   0/1           20s        20s
client-job-6s-20c    Running   0/1           18s        18s
client-job-6s-21c    Running   0/1           18s        18s
client-job-6s-22c    Running   0/1           18s        18s
client-job-6s-23c    Running   0/1           17s        17s
client-job-6s-24c    Running   0/1           17s        17s
client-job-6s-25c    Running   0/1           17s        17s
client-job-6s-26c    Running   0/1           17s        17s
client-job-6s-27c    Running   0/1           17s        17s
client-job-6s-28c    Running   0/1           17s        17s
client-job-6s-29c    Running   0/1           17s        17s
client-job-6s-2c     Running   0/1           20s        20s
client-job-6s-30c    Running   0/1           17s        17s
client-job-6s-31c    Running   0/1           17s        17s
client-job-6s-32c    Running   0/1           17s        17s
client-job-6s-33c    Running   0/1           17s        17s
client-job-6s-34c    Running   0/1           17s        17s
client-job-6s-35c    Running   0/1           16s        16s
client-job-6s-36c    Running   0/1           16s        16s
client-job-6s-37c    Running   0/1           16s        16s
client-job-6s-38c    Running   0/1           16s        16s
client-job-6s-39c    Running   0/1           16s        16s
client-job-6s-3c     Running   0/1           20s        20s
client-job-6s-40c    Running   0/1           16s        16s
client-job-6s-41c    Running   0/1           16s        16s
client-job-6s-42c    Running   0/1           16s        16s
client-job-6s-43c    Running   0/1           16s        16s
client-job-6s-44c    Running   0/1           16s        16s
client-job-6s-45c    Running   0/1           15s        16s
client-job-6s-46c    Running   0/1           15s        16s
client-job-6s-47c    Running   0/1           15s        16s
client-job-6s-48c    Running   0/1           15s        15s
client-job-6s-49c    Running   0/1           15s        15s
client-job-6s-4c     Running   0/1           20s        20s
client-job-6s-50c    Running   0/1           15s        15s
client-job-6s-51c    Running   0/1           15s        15s
client-job-6s-52c    Running   0/1           15s        15s
client-job-6s-53c    Running   0/1           15s        15s
client-job-6s-54c    Running   0/1           14s        15s
client-job-6s-55c    Running   0/1           14s        15s
client-job-6s-56c    Running   0/1           14s        15s
client-job-6s-57c    Running   0/1           14s        15s
client-job-6s-58c    Running   0/1           14s        14s
client-job-6s-59c    Running   0/1           14s        14s
client-job-6s-5c     Running   0/1           20s        20s
client-job-6s-60c    Running   0/1           14s        14s
client-job-6s-61c    Running   0/1           14s        14s
client-job-6s-62c    Running   0/1           13s        14s
client-job-6s-63c    Running   0/1           13s        14s
client-job-6s-64c    Running   0/1           13s        14s
client-job-6s-65c    Running   0/1           13s        14s
client-job-6s-66c    Running   0/1           13s        14s
client-job-6s-67c    Running   0/1           13s        14s
client-job-6s-68c    Running   0/1           13s        14s
client-job-6s-69c    Running   0/1           13s        13s
client-job-6s-6c     Running   0/1           19s        19s
client-job-6s-70c    Running   0/1           12s        13s
client-job-6s-71c    Running   0/1           12s        13s
client-job-6s-72c    Running   0/1           12s        13s
client-job-6s-73c    Running   0/1           12s        13s
client-job-6s-74c    Running   0/1           12s        13s
client-job-6s-75c    Running   0/1           12s        13s
client-job-6s-76c    Running   0/1           12s        13s
client-job-6s-77c    Running   0/1           12s        13s
client-job-6s-78c    Running   0/1           12s        13s
client-job-6s-79c    Running   0/1           11s        12s
client-job-6s-7c     Running   0/1           19s        19s
client-job-6s-80c    Running   0/1           11s        12s
client-job-6s-81c    Running   0/1           11s        12s
client-job-6s-82c    Running   0/1           11s        12s
client-job-6s-83c    Running   0/1           11s        12s
client-job-6s-84c    Running   0/1           11s        12s
client-job-6s-85c    Running   0/1           11s        12s
client-job-6s-86c    Running   0/1           11s        12s
client-job-6s-87c    Running   0/1           10s        12s
client-job-6s-88c    Running   0/1           10s        12s
client-job-6s-89c    Running   0/1           10s        11s
client-job-6s-8c     Running   0/1           19s        19s
client-job-6s-90c    Running   0/1           10s        11s
client-job-6s-91c    Running   0/1           10s        11s
client-job-6s-92c    Running   0/1           10s        11s
client-job-6s-93c    Running   0/1           10s        11s
client-job-6s-94c    Running   0/1           10s        11s
client-job-6s-95c    Running   0/1           9s         11s
client-job-6s-96c    Running   0/1           9s         11s
client-job-6s-97c    Running   0/1           9s         11s
client-job-6s-98c    Running   0/1           9s         11s
client-job-6s-99c    Running   0/1           9s         11s
client-job-6s-9c     Running   0/1           19s        19s
