NAME                      READY   STATUS              RESTARTS   AGE
client-job-4s-10c-4q9vf   0/1     ContainerCreating   0          17s
client-job-4s-11c-8nhtz   0/1     ContainerCreating   0          16s
client-job-4s-12c-65jf6   0/1     ContainerCreating   0          16s
client-job-4s-13c-ngkkc   0/1     ContainerCreating   0          16s
client-job-4s-14c-d2vnt   0/1     ContainerCreating   0          16s
client-job-4s-15c-vkh4g   0/1     ContainerCreating   0          16s
client-job-4s-16c-cwdv9   0/1     ContainerCreating   0          16s
client-job-4s-17c-d7n2m   0/1     ContainerCreating   0          15s
client-job-4s-18c-x54fm   0/1     ContainerCreating   0          15s
client-job-4s-19c-h7zfm   0/1     ContainerCreating   0          15s
client-job-4s-1c-vpcgh    0/1     Completed           0          18s
client-job-4s-20c-bmsgt   0/1     ContainerCreating   0          15s
client-job-4s-21c-78pz2   0/1     ContainerCreating   0          15s
client-job-4s-22c-qmrbp   0/1     ContainerCreating   0          15s
client-job-4s-23c-77ngl   0/1     ContainerCreating   0          14s
client-job-4s-24c-5pprq   0/1     ContainerCreating   0          14s
client-job-4s-25c-7k7z5   0/1     ContainerCreating   0          14s
client-job-4s-26c-nkvp8   0/1     ContainerCreating   0          14s
client-job-4s-27c-zvs52   0/1     ContainerCreating   0          14s
client-job-4s-28c-hbsmh   0/1     ContainerCreating   0          14s
client-job-4s-29c-6p24s   0/1     ContainerCreating   0          14s
client-job-4s-2c-2czsr    0/1     Completed           0          18s
client-job-4s-30c-8hdhg   0/1     ContainerCreating   0          13s
client-job-4s-31c-8sqcx   0/1     ContainerCreating   0          13s
client-job-4s-32c-mrssc   0/1     ContainerCreating   0          13s
client-job-4s-33c-5pfpf   0/1     ContainerCreating   0          13s
client-job-4s-34c-crf4f   0/1     ContainerCreating   0          13s
client-job-4s-35c-95clk   0/1     ContainerCreating   0          13s
client-job-4s-36c-vgbqg   0/1     ContainerCreating   0          12s
client-job-4s-37c-wmxpv   0/1     ContainerCreating   0          12s
client-job-4s-38c-6q9xl   0/1     ContainerCreating   0          12s
client-job-4s-39c-fdf9r   0/1     ContainerCreating   0          12s
client-job-4s-3c-phhl4    0/1     Completed           0          18s
client-job-4s-40c-529q2   0/1     ContainerCreating   0          12s
client-job-4s-41c-zdw2b   0/1     ContainerCreating   0          11s
client-job-4s-42c-sssjj   0/1     ContainerCreating   0          11s
client-job-4s-43c-9ms2d   0/1     ContainerCreating   0          11s
client-job-4s-44c-6p9mp   0/1     ContainerCreating   0          11s
client-job-4s-45c-mlzdf   0/1     ContainerCreating   0          11s
client-job-4s-46c-ksq4j   0/1     ContainerCreating   0          11s
client-job-4s-47c-sjv2j   0/1     ContainerCreating   0          11s
client-job-4s-48c-44p5m   0/1     ContainerCreating   0          10s
client-job-4s-49c-nmcm8   0/1     ContainerCreating   0          10s
client-job-4s-4c-99kmn    0/1     Completed           0          18s
client-job-4s-50c-thjfk   0/1     ContainerCreating   0          10s
client-job-4s-5c-cjksz    0/1     ContainerCreating   0          18s
client-job-4s-6c-rckv2    0/1     ContainerCreating   0          17s
client-job-4s-7c-9jkb9    0/1     ContainerCreating   0          17s
client-job-4s-8c-7qvfg    0/1     ContainerCreating   0          17s
client-job-4s-9c-7n5bp    0/1     ContainerCreating   0          17s
