NAME                                 READY   STATUS              RESTARTS   AGE
server-deployment-6f9898545f-4dvpc   0/1     ContainerCreating   0          4s
server-deployment-6f9898545f-796tp   1/1     Running             0          4s
server-deployment-6f9898545f-rw2mm   1/1     Running             0          9m6s
server-deployment-6f9898545f-vwmmd   1/1     Running             0          9m6s
Name:                   server-deployment
Namespace:              default
CreationTimestamp:      Sun, 15 Jun 2025 16:04:50 -0300
Labels:                 app=server
Annotations:            deployment.kubernetes.io/revision: 1
Selector:               app=server
Replicas:               4 desired | 4 updated | 4 total | 3 available | 1 unavailable
StrategyType:           RollingUpdate
MinReadySeconds:        0
RollingUpdateStrategy:  25% max unavailable, 25% max surge
Pod Template:
  Labels:  app=server
  Containers:
   server:
    Image:      kapelinsky/tcp-server:latest
    Port:       8080/TCP
    Host Port:  0/TCP
    Environment:
      PORT:        8080
    Mounts:        <none>
  Volumes:         <none>
  Node-Selectors:  <none>
  Tolerations:     <none>
Conditions:
  Type           Status  Reason
  ----           ------  ------
  Progressing    True    NewReplicaSetAvailable
  Available      True    MinimumReplicasAvailable
OldReplicaSets:  <none>
NewReplicaSet:   server-deployment-6f9898545f (4/4 replicas created)
Events:
  Type    Reason             Age   From                   Message
  ----    ------             ----  ----                   -------
  Normal  ScalingReplicaSet  9m6s  deployment-controller  Scaled up replica set server-deployment-6f9898545f from 0 to 2
  Normal  ScalingReplicaSet  4s    deployment-controller  Scaled up replica set server-deployment-6f9898545f from 2 to 4
