NAME                                 READY   STATUS              RESTARTS   AGE
server-deployment-6f9898545f-57r7j   1/1     Running             0          38s
server-deployment-6f9898545f-7twcz   0/1     ContainerCreating   0          3s
server-deployment-6f9898545f-bx42l   1/1     Running             0          38s
server-deployment-6f9898545f-kg2jc   1/1     Running             0          3s
server-deployment-6f9898545f-mncpn   1/1     Running             0          76s
server-deployment-6f9898545f-rknh2   1/1     Running             0          76s
Name:                   server-deployment
Namespace:              default
CreationTimestamp:      Fri, 13 Jun 2025 22:09:26 -0300
Labels:                 app=server
Annotations:            deployment.kubernetes.io/revision: 1
Selector:               app=server
Replicas:               6 desired | 6 updated | 6 total | 5 available | 1 unavailable
StrategyType:           RollingUpdate
MinReadySeconds:        0
RollingUpdateStrategy:  25% max unavailable, 25% max surge
Pod Template:
  Labels:  app=server
  Containers:
   server:
    Image:      kapelinsky/tcp-server:latest
    Port:       8080/TCP
    Host Port:  0/TCP
    Environment:
      PORT:        8080
    Mounts:        <none>
  Volumes:         <none>
  Node-Selectors:  <none>
  Tolerations:     <none>
Conditions:
  Type           Status  Reason
  ----           ------  ------
  Progressing    True    NewReplicaSetAvailable
  Available      True    MinimumReplicasAvailable
OldReplicaSets:  <none>
NewReplicaSet:   server-deployment-6f9898545f (6/6 replicas created)
Events:
  Type    Reason             Age   From                   Message
  ----    ------             ----  ----                   -------
  Normal  ScalingReplicaSet  76s   deployment-controller  Scaled up replica set server-deployment-6f9898545f from 0 to 2
  Normal  ScalingReplicaSet  38s   deployment-controller  Scaled up replica set server-deployment-6f9898545f from 2 to 4
  Normal  ScalingReplicaSet  3s    deployment-controller  Scaled up replica set server-deployment-6f9898545f from 4 to 6
