NAME                                 READY   STATUS              RESTARTS   AGE
server-deployment-6f9898545f-57r7j   1/1     Running             0          104s
server-deployment-6f9898545f-6s7wn   1/1     Running             0          33s
server-deployment-6f9898545f-7twcz   1/1     Running             0          69s
server-deployment-6f9898545f-bx42l   1/1     Running             0          104s
server-deployment-6f9898545f-cct99   0/1     ContainerCreating   0          0s
server-deployment-6f9898545f-kg2jc   1/1     Running             0          69s
server-deployment-6f9898545f-mdwjm   0/1     ContainerCreating   0          0s
server-deployment-6f9898545f-mncpn   1/1     Running             0          2m22s
server-deployment-6f9898545f-rknh2   1/1     Running             0          2m22s
server-deployment-6f9898545f-t4tv6   1/1     Running             0          33s
Name:                   server-deployment
Namespace:              default
CreationTimestamp:      Fri, 13 Jun 2025 22:09:26 -0300
Labels:                 app=server
Annotations:            deployment.kubernetes.io/revision: 1
Selector:               app=server
Replicas:               10 desired | 10 updated | 10 total | 8 available | 2 unavailable
StrategyType:           RollingUpdate
MinReadySeconds:        0
RollingUpdateStrategy:  25% max unavailable, 25% max surge
Pod Template:
  Labels:  app=server
  Containers:
   server:
    Image:      kapelinsky/tcp-server:latest
    Port:       8080/TCP
    Host Port:  0/TCP
    Environment:
      PORT:        8080
    Mounts:        <none>
  Volumes:         <none>
  Node-Selectors:  <none>
  Tolerations:     <none>
Conditions:
  Type           Status  Reason
  ----           ------  ------
  Progressing    True    NewReplicaSetAvailable
  Available      True    MinimumReplicasAvailable
OldReplicaSets:  <none>
NewReplicaSet:   server-deployment-6f9898545f (10/10 replicas created)
Events:
  Type    Reason             Age    From                   Message
  ----    ------             ----   ----                   -------
  Normal  ScalingReplicaSet  2m22s  deployment-controller  Scaled up replica set server-deployment-6f9898545f from 0 to 2
  Normal  ScalingReplicaSet  104s   deployment-controller  Scaled up replica set server-deployment-6f9898545f from 2 to 4
  Normal  ScalingReplicaSet  69s    deployment-controller  Scaled up replica set server-deployment-6f9898545f from 4 to 6
  Normal  ScalingReplicaSet  33s    deployment-controller  Scaled up replica set server-deployment-6f9898545f from 6 to 8
  Normal  ScalingReplicaSet  0s     deployment-controller  Scaled up replica set server-deployment-6f9898545f from 8 to 10
