--- STATUS EM Sat Jun 28 01:42:22 AM -03 2025 ---
NAME                                 READY   STATUS              RESTARTS   AGE     IP             NODE       NOMINATED NODE   READINESS GATES
server-deployment-77f8657bdc-82qvp   1/1     Running             0          9m39s   10.244.3.254   minikube   <none>           <none>
server-deployment-77f8657bdc-9969n   1/1     Running             0          9m32s   10.244.4.0     minikube   <none>           <none>
server-deployment-77f8657bdc-qprqg   1/1     Running             0          2s      10.244.4.60    minikube   <none>           <none>
server-deployment-77f8657bdc-wzzk5   0/1     ContainerCreating   0          2s      <none>         minikube   <none>           <none>

Name:                   server-deployment
Namespace:              default
CreationTimestamp:      Sat, 28 Jun 2025 01:32:43 -0300
Labels:                 app=server
Annotations:            deployment.kubernetes.io/revision: 2
Selector:               app=server
Replicas:               4 desired | 4 updated | 4 total | 3 available | 1 unavailable
StrategyType:           RollingUpdate
MinReadySeconds:        0
RollingUpdateStrategy:  25% max unavailable, 25% max surge
Pod Template:
  Labels:  app=server
  Containers:
   server:
    Image:      kapelinsky/tcp-server-cpp:latest
    Port:       8080/TCP
    Host Port:  0/TCP
    Environment:
      PORT:        8080
    Mounts:        <none>
  Volumes:         <none>
  Node-Selectors:  <none>
  Tolerations:     <none>
Conditions:
  Type           Status  Reason
  ----           ------  ------
  Progressing    True    NewReplicaSetAvailable
  Available      True    MinimumReplicasAvailable
OldReplicaSets:  server-deployment-6f9898545f (0/0 replicas created)
NewReplicaSet:   server-deployment-77f8657bdc (4/4 replicas created)
Events:
  Type    Reason             Age    From                   Message
  ----    ------             ----   ----                   -------
  Normal  ScalingReplicaSet  9m40s  deployment-controller  Scaled up replica set server-deployment-6f9898545f from 0 to 2
  Normal  ScalingReplicaSet  9m40s  deployment-controller  Scaled up replica set server-deployment-77f8657bdc from 0 to 1
  Normal  ScalingReplicaSet  9m33s  deployment-controller  Scaled down replica set server-deployment-6f9898545f from 2 to 1
  Normal  ScalingReplicaSet  9m33s  deployment-controller  Scaled up replica set server-deployment-77f8657bdc from 1 to 2
  Normal  ScalingReplicaSet  9m30s  deployment-controller  Scaled down replica set server-deployment-6f9898545f from 1 to 0
  Normal  ScalingReplicaSet  4s     deployment-controller  Scaled up replica set server-deployment-77f8657bdc from 2 to 4
