--- STATUS EM Sat Jun 28 02:11:54 AM -03 2025 ---
NAME                                 READY   STATUS              RESTARTS   AGE   IP             NODE       NOMINATED NODE   READINESS GATES
server-deployment-77f8657bdc-22gmv   1/1     Running             0          20m   10.244.4.122   minikube   <none>           <none>
server-deployment-77f8657bdc-82qvp   1/1     Running             0          39m   10.244.3.254   minikube   <none>           <none>
server-deployment-77f8657bdc-8w8ck   0/1     ContainerCreating   0          0s    <none>         minikube   <none>           <none>
server-deployment-77f8657bdc-9969n   1/1     Running             0          39m   10.244.4.0     minikube   <none>           <none>
server-deployment-77f8657bdc-f77ht   1/1     Running             0          20m   10.244.4.123   minikube   <none>           <none>
server-deployment-77f8657bdc-fjtpt   0/1     ContainerCreating   0          0s    <none>         minikube   <none>           <none>
server-deployment-77f8657bdc-kvlgs   1/1     Running             0          10m   10.244.4.184   minikube   <none>           <none>
server-deployment-77f8657bdc-n79r8   1/1     Running             0          10m   10.244.4.185   minikube   <none>           <none>
server-deployment-77f8657bdc-qprqg   1/1     Running             0          29m   10.244.4.60    minikube   <none>           <none>
server-deployment-77f8657bdc-wzzk5   1/1     Running             0          29m   10.244.4.61    minikube   <none>           <none>

Name:                   server-deployment
Namespace:              default
CreationTimestamp:      Sat, 28 Jun 2025 01:32:43 -0300
Labels:                 app=server
Annotations:            deployment.kubernetes.io/revision: 2
Selector:               app=server
Replicas:               10 desired | 10 updated | 10 total | 8 available | 2 unavailable
StrategyType:           RollingUpdate
MinReadySeconds:        0
RollingUpdateStrategy:  25% max unavailable, 25% max surge
Pod Template:
  Labels:  app=server
  Containers:
   server:
    Image:      kapelinsky/tcp-server-cpp:latest
    Port:       8080/TCP
    Host Port:  0/TCP
    Environment:
      PORT:        8080
    Mounts:        <none>
  Volumes:         <none>
  Node-Selectors:  <none>
  Tolerations:     <none>
Conditions:
  Type           Status  Reason
  ----           ------  ------
  Progressing    True    NewReplicaSetAvailable
  Available      True    MinimumReplicasAvailable
OldReplicaSets:  server-deployment-6f9898545f (0/0 replicas created)
NewReplicaSet:   server-deployment-77f8657bdc (10/10 replicas created)
Events:
  Type    Reason             Age   From                   Message
  ----    ------             ----  ----                   -------
  Normal  ScalingReplicaSet  39m   deployment-controller  Scaled up replica set server-deployment-6f9898545f from 0 to 2
  Normal  ScalingReplicaSet  39m   deployment-controller  Scaled up replica set server-deployment-77f8657bdc from 0 to 1
  Normal  ScalingReplicaSet  39m   deployment-controller  Scaled down replica set server-deployment-6f9898545f from 2 to 1
  Normal  ScalingReplicaSet  39m   deployment-controller  Scaled up replica set server-deployment-77f8657bdc from 1 to 2
  Normal  ScalingReplicaSet  39m   deployment-controller  Scaled down replica set server-deployment-6f9898545f from 1 to 0
  Normal  ScalingReplicaSet  29m   deployment-controller  Scaled up replica set server-deployment-77f8657bdc from 2 to 4
  Normal  ScalingReplicaSet  20m   deployment-controller  Scaled up replica set server-deployment-77f8657bdc from 4 to 6
  Normal  ScalingReplicaSet  10m   deployment-controller  Scaled up replica set server-deployment-77f8657bdc from 6 to 8
  Normal  ScalingReplicaSet  1s    deployment-controller  Scaled up replica set server-deployment-77f8657bdc from 8 to 10
