--- STATUS EM Sat Jun 28 01:23:28 AM -03 2025 ---
NAME                                 READY   STATUS              RESTARTS   AGE     IP             NODE       NOMINATED NODE   READINESS GATES
server-deployment-85ffcbb4fd-4nhkw   1/1     Running             0          8m52s   10.244.3.128   minikube   <none>           <none>
server-deployment-85ffcbb4fd-9vnsm   1/1     Running             0          25m     10.244.3.4     minikube   <none>           <none>
server-deployment-85ffcbb4fd-cdsjh   0/1     ContainerCreating   0          0s      <none>         minikube   <none>           <none>
server-deployment-85ffcbb4fd-cjzdh   1/1     Running             0          32m     10.244.2.200   minikube   <none>           <none>
server-deployment-85ffcbb4fd-dg95w   1/1     Running             0          25m     10.244.3.5     minikube   <none>           <none>
server-deployment-85ffcbb4fd-f7hns   1/1     Running             0          32m     10.244.2.198   minikube   <none>           <none>
server-deployment-85ffcbb4fd-mlfc4   0/1     ContainerCreating   0          0s      <none>         minikube   <none>           <none>
server-deployment-85ffcbb4fd-mz895   1/1     Running             0          17m     10.244.3.66    minikube   <none>           <none>
server-deployment-85ffcbb4fd-r9tqh   1/1     Running             0          8m52s   10.244.3.129   minikube   <none>           <none>
server-deployment-85ffcbb4fd-vvzhs   1/1     Running             0          17m     10.244.3.67    minikube   <none>           <none>

Name:                   server-deployment
Namespace:              default
CreationTimestamp:      Sat, 28 Jun 2025 00:50:32 -0300
Labels:                 app=server
Annotations:            deployment.kubernetes.io/revision: 2
Selector:               app=server
Replicas:               10 desired | 10 updated | 10 total | 8 available | 2 unavailable
StrategyType:           RollingUpdate
MinReadySeconds:        0
RollingUpdateStrategy:  25% max unavailable, 25% max surge
Pod Template:
  Labels:  app=server
  Containers:
   server:
    Image:      kapelinsky/tcp-server-go:latest
    Port:       8080/TCP
    Host Port:  0/TCP
    Environment:
      PORT:        8080
    Mounts:        <none>
  Volumes:         <none>
  Node-Selectors:  <none>
  Tolerations:     <none>
Conditions:
  Type           Status  Reason
  ----           ------  ------
  Progressing    True    NewReplicaSetAvailable
  Available      True    MinimumReplicasAvailable
OldReplicaSets:  server-deployment-6f9898545f (0/0 replicas created)
NewReplicaSet:   server-deployment-85ffcbb4fd (10/10 replicas created)
Events:
  Type    Reason             Age    From                   Message
  ----    ------             ----   ----                   -------
  Normal  ScalingReplicaSet  32m    deployment-controller  Scaled up replica set server-deployment-6f9898545f from 0 to 2
  Normal  ScalingReplicaSet  32m    deployment-controller  Scaled up replica set server-deployment-85ffcbb4fd from 0 to 1
  Normal  ScalingReplicaSet  32m    deployment-controller  Scaled down replica set server-deployment-6f9898545f from 2 to 1
  Normal  ScalingReplicaSet  32m    deployment-controller  Scaled up replica set server-deployment-85ffcbb4fd from 1 to 2
  Normal  ScalingReplicaSet  32m    deployment-controller  Scaled down replica set server-deployment-6f9898545f from 1 to 0
  Normal  ScalingReplicaSet  25m    deployment-controller  Scaled up replica set server-deployment-85ffcbb4fd from 2 to 4
  Normal  ScalingReplicaSet  17m    deployment-controller  Scaled up replica set server-deployment-85ffcbb4fd from 4 to 6
  Normal  ScalingReplicaSet  8m53s  deployment-controller  Scaled up replica set server-deployment-85ffcbb4fd from 6 to 8
  Normal  ScalingReplicaSet  1s     deployment-controller  Scaled up replica set server-deployment-85ffcbb4fd from 8 to 10
