--- STATUS EM Sat Jun 28 04:59:59 AM -03 2025 ---
NAME                                 READY   STATUS              RESTARTS   AGE     IP             NODE       NOMINATED NODE   READINESS GATES
server-deployment-77f8657bdc-4x8x2   0/1     ContainerCreating   0          0s      <none>         minikube   <none>           <none>
server-deployment-77f8657bdc-6pr7f   1/1     Running             0          18m     10.244.9.28    minikube   <none>           <none>
server-deployment-77f8657bdc-9mk66   1/1     Running             0          27m     10.244.8.224   minikube   <none>           <none>
server-deployment-77f8657bdc-dg8cc   0/1     ContainerCreating   0          0s      <none>         minikube   <none>           <none>
server-deployment-77f8657bdc-f2z72   1/1     Running             0          18m     10.244.9.29    minikube   <none>           <none>
server-deployment-77f8657bdc-hxj4d   1/1     Running             0          9m24s   10.244.9.91    minikube   <none>           <none>
server-deployment-77f8657bdc-mmqwp   1/1     Running             0          27m     10.244.8.222   minikube   <none>           <none>
server-deployment-77f8657bdc-wdhn5   1/1     Running             0          9m24s   10.244.9.90    minikube   <none>           <none>

Name:                   server-deployment
Namespace:              default
CreationTimestamp:      Sat, 28 Jun 2025 04:32:12 -0300
Labels:                 app=server
Annotations:            deployment.kubernetes.io/revision: 2
Selector:               app=server
Replicas:               8 desired | 8 updated | 8 total | 6 available | 2 unavailable
StrategyType:           RollingUpdate
MinReadySeconds:        0
RollingUpdateStrategy:  25% max unavailable, 25% max surge
Pod Template:
  Labels:  app=server
  Containers:
   server:
    Image:      kapelinsky/tcp-server-cpp:latest
    Port:       8080/TCP
    Host Port:  0/TCP
    Environment:
      PORT:        8080
    Mounts:        <none>
  Volumes:         <none>
  Node-Selectors:  <none>
  Tolerations:     <none>
Conditions:
  Type           Status  Reason
  ----           ------  ------
  Progressing    True    NewReplicaSetAvailable
  Available      True    MinimumReplicasAvailable
OldReplicaSets:  server-deployment-6f9898545f (0/0 replicas created)
NewReplicaSet:   server-deployment-77f8657bdc (8/8 replicas created)
Events:
  Type    Reason             Age    From                   Message
  ----    ------             ----   ----                   -------
  Normal  ScalingReplicaSet  27m    deployment-controller  Scaled up replica set server-deployment-6f9898545f from 0 to 2
  Normal  ScalingReplicaSet  27m    deployment-controller  Scaled up replica set server-deployment-77f8657bdc from 0 to 1
  Normal  ScalingReplicaSet  27m    deployment-controller  Scaled down replica set server-deployment-6f9898545f from 2 to 1
  Normal  ScalingReplicaSet  27m    deployment-controller  Scaled up replica set server-deployment-77f8657bdc from 1 to 2
  Normal  ScalingReplicaSet  27m    deployment-controller  Scaled down replica set server-deployment-6f9898545f from 1 to 0
  Normal  ScalingReplicaSet  18m    deployment-controller  Scaled up replica set server-deployment-77f8657bdc from 2 to 4
  Normal  ScalingReplicaSet  9m25s  deployment-controller  Scaled up replica set server-deployment-77f8657bdc from 4 to 6
  Normal  ScalingReplicaSet  1s     deployment-controller  Scaled up replica set server-deployment-77f8657bdc from 6 to 8
