--- STATUS EM Sat Jun 28 04:00:32 AM -03 2025 ---
NAME                                 READY   STATUS              RESTARTS   AGE     IP             NODE       NOMINATED NODE   READINESS GATES
server-deployment-85ffcbb4fd-4nfrr   1/1     Running             0          7m27s   10.244.7.168   minikube   <none>           <none>
server-deployment-85ffcbb4fd-j98wl   1/1     Running             0          7m34s   10.244.7.166   minikube   <none>           <none>
server-deployment-85ffcbb4fd-kjhhx   0/1     ContainerCreating   0          3s      <none>         minikube   <none>           <none>
server-deployment-85ffcbb4fd-kxvv4   1/1     Running             0          3s      10.244.7.228   minikube   <none>           <none>

Name:                   server-deployment
Namespace:              default
CreationTimestamp:      Sat, 28 Jun 2025 03:52:58 -0300
Labels:                 app=server
Annotations:            deployment.kubernetes.io/revision: 2
Selector:               app=server
Replicas:               4 desired | 4 updated | 4 total | 3 available | 1 unavailable
StrategyType:           RollingUpdate
MinReadySeconds:        0
RollingUpdateStrategy:  25% max unavailable, 25% max surge
Pod Template:
  Labels:  app=server
  Containers:
   server:
    Image:      kapelinsky/tcp-server-go:latest
    Port:       8080/TCP
    Host Port:  0/TCP
    Environment:
      PORT:        8080
    Mounts:        <none>
  Volumes:         <none>
  Node-Selectors:  <none>
  Tolerations:     <none>
Conditions:
  Type           Status  Reason
  ----           ------  ------
  Progressing    True    NewReplicaSetAvailable
  Available      True    MinimumReplicasAvailable
OldReplicaSets:  server-deployment-6f9898545f (0/0 replicas created)
NewReplicaSet:   server-deployment-85ffcbb4fd (4/4 replicas created)
Events:
  Type    Reason             Age    From                   Message
  ----    ------             ----   ----                   -------
  Normal  ScalingReplicaSet  7m35s  deployment-controller  Scaled up replica set server-deployment-6f9898545f from 0 to 2
  Normal  ScalingReplicaSet  7m35s  deployment-controller  Scaled up replica set server-deployment-85ffcbb4fd from 0 to 1
  Normal  ScalingReplicaSet  7m28s  deployment-controller  Scaled down replica set server-deployment-6f9898545f from 2 to 1
  Normal  ScalingReplicaSet  7m28s  deployment-controller  Scaled up replica set server-deployment-85ffcbb4fd from 1 to 2
  Normal  ScalingReplicaSet  7m25s  deployment-controller  Scaled down replica set server-deployment-6f9898545f from 1 to 0
  Normal  ScalingReplicaSet  4s     deployment-controller  Scaled up replica set server-deployment-85ffcbb4fd from 2 to 4
